<?xml version="1.0" encoding="UTF-8"?>
<!-- Generated by org.testng.reporters.JUnitXMLReporter -->
<testsuite hostname="OMGINDIA267" ignored="0" name="Test" tests="1" failures="0" timestamp="08 Jul 2019 12:25:35 GMT" time="0.033" errors="0">
  <testcase name="@BeforeClass start" time="0.009" classname="Insight.Tests.DashboardTest">
    <failure type="java.lang.NullPointerException">
      <![CDATA[java.lang.NullPointerException
at Insight.Base.Base.initalization(Base.java:40)
at Insight.Tests.DashboardTest.start(DashboardTest.java:23)
... Removed 26 stack frames]]>
    </failure>
  </testcase> <!-- @BeforeClass start -->
  <testcase name="@AfterClass stop" time="0.0" classname="Insight.Tests.DashboardTest">
    <skipped/>
  </testcase> <!-- @AfterClass stop -->
  <testcase name="test" time="0.0" classname="Insight.Tests.DashboardTest">
    <skipped/>
  </testcase> <!-- test -->
</testsuite> <!-- Test -->
