<?xml version="1.0" encoding="UTF-8"?>
<testng-results skipped="0" failed="0" ignored="0" total="1" passed="1">
  <reporter-output>
  </reporter-output>
  <suite name="Default suite" duration-ms="849" started-at="2019-08-26T10:10:15Z" finished-at="2019-08-26T10:10:16Z">
    <groups>
    </groups>
    <test name="Default test" duration-ms="849" started-at="2019-08-26T10:10:15Z" finished-at="2019-08-26T10:10:16Z">
      <class name="Insight.Utils.ExcelReader">
        <test-method status="PASS" signature="test()[pri:0, instance:Insight.Utils.ExcelReader@3532ec19]" name="test" duration-ms="822" started-at="2019-08-26T10:10:15Z" finished-at="2019-08-26T10:10:16Z">
          <reporter-output>
          </reporter-output>
        </test-method> <!-- test -->
      </class> <!-- Insight.Utils.ExcelReader -->
    </test> <!-- Default test -->
  </suite> <!-- Default suite -->
</testng-results>
