<?xml version="1.0" encoding="UTF-8"?>
<!-- Generated by org.testng.reporters.JUnitXMLReporter -->
<testsuite hostname="OMGINDIA267" ignored="0" name="Command line test" tests="1" failures="0" timestamp="08 Jul 2019 11:33:41 GMT" time="0.034" errors="0">
  <testcase name="@BeforeClass start" time="0.013" classname="Insight.Tests.DashboardTest">
    <failure type="java.lang.NullPointerException">
      <![CDATA[java.lang.NullPointerException
at Insight.Base.Base.initalization(Base.java:40)
at Insight.Tests.DashboardTest.start(DashboardTest.java:23)
... Removed 35 stack frames]]>
    </failure>
  </testcase> <!-- @BeforeClass start -->
  <testcase name="@AfterClass stop" time="0.0" classname="Insight.Tests.DashboardTest">
    <skipped/>
  </testcase> <!-- @AfterClass stop -->
  <testcase name="test" time="0.0" classname="Insight.Tests.DashboardTest">
    <skipped/>
  </testcase> <!-- test -->
</testsuite> <!-- Command line test -->
